TN:
SF:script/Bootstrap.s.sol
DA:40,0
FN:40,Bootstrap.run
FNDA:0,Bootstrap.run
DA:41,0
DA:42,0
DA:44,0
DA:45,0
DA:46,0
DA:50,0
DA:51,0
DA:53,0
DA:55,0
DA:56,0
DA:58,0
DA:59,0
DA:61,0
DA:62,0
DA:64,0
DA:66,0
DA:67,0
DA:68,0
DA:69,0
DA:70,0
DA:71,0
FNF:1
FNH:0
LF:22
LH:0
BRF:0
BRH:0
end_of_record
TN:
SF:script/Deploy.s.sol
DA:13,0
FN:13,Deploy.run
FNDA:0,Deploy.run
DA:14,0
DA:15,0
DA:16,0
DA:18,0
DA:19,0
DA:20,0
DA:22,0
DA:23,0
DA:24,0
DA:25,0
FNF:1
FNH:0
LF:11
LH:0
BRF:0
BRH:0
end_of_record
TN:
SF:script/Seed.s.sol
DA:19,0
FN:19,Seed.run
FNDA:0,Seed.run
DA:20,0
DA:21,0
DA:25,0
DA:26,0
DA:27,0
DA:29,0
DA:31,0
DA:32,0
DA:33,0
DA:36,0
DA:37,0
DA:39,0
DA:47,0
DA:55,0
DA:63,0
DA:65,0
FNF:1
FNH:0
LF:17
LH:0
BRF:0
BRH:0
end_of_record
TN:
SF:src/Registry.sol
DA:92,1
FN:92,SpeakUpRegistry.onlyOwner
FNDA:1,SpeakUpRegistry.onlyOwner
DA:93,1
BRDA:93,0,0,0
DA:97,5
FN:97,SpeakUpRegistry.onlyRelayer
FNDA:5,SpeakUpRegistry.onlyRelayer
DA:98,5
BRDA:98,1,0,1
DA:102,19
FN:102,SpeakUpRegistry.constructor
FNDA:19,SpeakUpRegistry.constructor
DA:103,19
BRDA:103,2,0,0
DA:104,19
DA:105,19
DA:106,19
DA:111,2
FN:111,SpeakUpRegistry.setRelayer
FNDA:2,SpeakUpRegistry.setRelayer
DA:112,2
BRDA:112,3,0,1
DA:113,1
DA:114,1
DA:115,1
DA:118,22
FN:118,SpeakUpRegistry.registerTicker
FNDA:22,SpeakUpRegistry.registerTicker
DA:122,21
BRDA:122,4,0,1
DA:123,20
BRDA:123,5,0,1
DA:124,19
DA:125,19
DA:128,1
FN:128,SpeakUpRegistry.deactivateTicker
FNDA:1,SpeakUpRegistry.deactivateTicker
DA:129,1
DA:130,1
BRDA:130,6,0,0
DA:131,1
DA:132,1
DA:135,21
FN:135,SpeakUpRegistry.registerMeeting
FNDA:21,SpeakUpRegistry.registerMeeting
DA:142,21
DA:143,21
BRDA:143,7,0,0
DA:144,21
BRDA:144,8,0,1
DA:145,20
BRDA:145,9,0,0
DA:146,20
DA:153,20
DA:156,1
FN:156,SpeakUpRegistry.closeMeeting
FNDA:1,SpeakUpRegistry.closeMeeting
DA:157,1
DA:158,1
BRDA:158,10,0,0
DA:159,1
BRDA:159,11,0,0
DA:160,1
DA:161,1
DA:168,270
FN:168,SpeakUpRegistry.castVote
FNDA:270,SpeakUpRegistry.castVote
DA:172,270
DA:173,270
BRDA:173,12,0,1
DA:174,269
BRDA:174,13,0,1
DA:178,268
BRDA:178,14,0,2
DA:179,2
DA:181,266
BRDA:181,15,0,1
DA:183,265
DA:184,265
DA:185,265
BRDA:185,16,0,1
DA:187,264
DA:190,264
DA:201,264
DA:202,264
DA:203,264
DA:205,264
DA:209,0
FN:209,SpeakUpRegistry.castVotes
FNDA:0,SpeakUpRegistry.castVotes
DA:215,0
DA:216,0
BRDA:216,17,0,-
BRDA:216,17,1,-
DA:217,0
DA:218,0
DA:219,0
DA:225,5
FN:225,SpeakUpRegistry.acknowledge
FNDA:5,SpeakUpRegistry.acknowledge
DA:229,4
DA:230,4
BRDA:230,18,0,1
DA:231,3
BRDA:231,19,0,1
DA:232,2
DA:233,2
DA:234,2
DA:239,1
FN:239,SpeakUpRegistry.getVoterUids
FNDA:1,SpeakUpRegistry.getVoterUids
DA:240,1
DA:243,1
FN:243,SpeakUpRegistry.getMeetingUids
FNDA:1,SpeakUpRegistry.getMeetingUids
DA:244,1
DA:247,1
FN:247,SpeakUpRegistry.hasVoted
FNDA:1,SpeakUpRegistry.hasVoted
DA:252,1
FNF:14
FNH:13
LF:72
LH:66
BRF:21
BRH:12
end_of_record
TN:
SF:test/mocks/MockERC20.sol
DA:16,19
FN:16,MockERC20.constructor
FNDA:19,MockERC20.constructor
DA:17,19
DA:18,19
DA:19,19
DA:22,294
FN:22,MockERC20.mint
FNDA:294,MockERC20.mint
DA:23,294
DA:24,294
DA:25,294
DA:28,0
FN:28,MockERC20.transfer
FNDA:0,MockERC20.transfer
DA:29,0
DA:30,0
DA:31,0
DA:32,0
DA:35,0
FN:35,MockERC20.approve
FNDA:0,MockERC20.approve
DA:36,0
DA:37,0
DA:38,0
FNF:4
FNH:2
LF:17
LH:8
BRF:0
BRH:0
end_of_record
